Using pre-set license
Built from '2021.1/release' branch; Version is '2021.1.4f1 (4cd64a618c1b) revision 5035594'; Using compiler version '192528614'; Build Type 'Release'
OS: 'Windows 10 Pro; OS build 19042.928; Version 2009; 64bit' Language: 'de' Physical Memory: 32606 MB
BatchMode: 1, IsHumanControllingUs: 0, StartBugReporterOnCrash: 0, Is64bit: 1, IsPro: 0

 COMMAND LINE ARGUMENTS:
H:\Unity\Editors\2021.1.4f1\Editor\Unity.exe
-adb2
-batchMode
-noUpm
-name
AssetImportWorker0
-projectPath
H:/Repos/Udemy_Unity_Plattformer
-logFile
Logs/AssetImportWorker0.log
-srvPort
60162
Successfully changed project path to: H:/Repos/Udemy_Unity_Plattformer
H:/Repos/Udemy_Unity_Plattformer
Using Asset Import Pipeline V2.
Refreshing native plugins compatible for Editor in 41.67 ms, found 0 plugins.
Preloading 0 native plugins for Editor in 0.00 ms.
Initialize engine version: 2021.1.4f1 (4cd64a618c1b)
[Subsystems] Discovering subsystems at path H:/Unity/Editors/2021.1.4f1/Editor/Data/Resources/UnitySubsystems
[Subsystems] Discovering subsystems at path H:/Repos/Udemy_Unity_Plattformer/Assets
GfxDevice: creating device client; threaded=0; jobified=0
Direct3D:
    Version:  Direct3D 11.0 [level 11.1]
    Renderer: NVIDIA GeForce RTX 2070 Super (ID=0x1ed1)
    Vendor:   NVIDIA
    VRAM:     8011 MB
    Driver:   27.21.14.6611
Initialize mono
Mono path[0] = 'H:/Unity/Editors/2021.1.4f1/Editor/Data/Managed'
Mono path[1] = 'H:/Unity/Editors/2021.1.4f1/Editor/Data/MonoBleedingEdge/lib/mono/unityjit'
Mono config path = 'H:/Unity/Editors/2021.1.4f1/Editor/Data/MonoBleedingEdge/etc'
Using monoOptions --debugger-agent=transport=dt_socket,embedding=1,server=y,suspend=n,address=127.0.0.1:56924
Begin MonoManager ReloadAssembly
Registering precompiled unity dll's ...
Register platform support module: H:/Unity/Editors/2021.1.4f1/Editor/Data/PlaybackEngines/WebGLSupport/UnityEditor.WebGL.Extensions.dll
Register platform support module: H:/Unity/Editors/2021.1.4f1/Editor/Data/PlaybackEngines/WindowsStandaloneSupport/UnityEditor.WindowsStandalone.Extensions.dll
Registered in 0.001037 seconds.
Native extension for WindowsStandalone target not found
Native extension for WebGL target not found
Refreshing native plugins compatible for Editor in 37.08 ms, found 0 plugins.
Preloading 0 native plugins for Editor in 0.00 ms.
Mono: successfully reloaded assembly
- Completed reload, in  1.103 seconds
Platform modules already initialized, skipping
Registering precompiled user dll's ...
Registered in 0.002461 seconds.
Begin MonoManager ReloadAssembly
Native extension for WindowsStandalone target not found
Native extension for WebGL target not found
Refreshing native plugins compatible for Editor in 0.47 ms, found 0 plugins.
Preloading 0 native plugins for Editor in 0.00 ms.
Mono: successfully reloaded assembly
- Completed reload, in  0.971 seconds
Platform modules already initialized, skipping
========================================================================
Worker process is ready to serve import requests
Launched and connected shader compiler UnityShaderCompiler.exe after 0.04 seconds
Refreshing native plugins compatible for Editor in 0.44 ms, found 0 plugins.
Preloading 0 native plugins for Editor in 0.00 ms.
Unloading 2012 Unused Serialized files (Serialized files now loaded: 0)
System memory in use before: 85.4 MB.
System memory in use after: 85.5 MB.

Unloading 47 unused Assets to reduce memory usage. Loaded Objects now: 2444.
Total: 4.578600 ms (FindLiveObjects: 0.165100 ms CreateObjectMapping: 0.096300 ms MarkObjects: 4.251300 ms  DeleteObjects: 0.064400 ms)

========================================================================
Received Import Request.
  path: Assets/Game/Scripts/Bullet.cs
  artifactKey: Guid(15a86cddcabd0374082845ffc75d79ed) Importer(815301076,1909f56bfc062723c751e8b465ee728b)
Start importing Assets/Game/Scripts/Bullet.cs using Guid(15a86cddcabd0374082845ffc75d79ed) Importer(815301076,1909f56bfc062723c751e8b465ee728b)  -> (artifact id: '18521d6fdfea8235d6c14547212e7955') in 0.021178 seconds 
========================================================================
Received Import Request.
  Time since last request: 13.910989 seconds.
  path: Assets/Game/Scripts/Bullet.cs
  artifactKey: Guid(15a86cddcabd0374082845ffc75d79ed) Importer(815301076,1909f56bfc062723c751e8b465ee728b)
Start importing Assets/Game/Scripts/Bullet.cs using Guid(15a86cddcabd0374082845ffc75d79ed) Importer(815301076,1909f56bfc062723c751e8b465ee728b)  -> (artifact id: '0175791ba24f98122ba4b68a9b855c09') in 0.001177 seconds 
========================================================================
Received Prepare
Registering precompiled user dll's ...
Registered in 0.003978 seconds.
Begin MonoManager ReloadAssembly
Native extension for WindowsStandalone target not found
Native extension for WebGL target not found
Refreshing native plugins compatible for Editor in 0.48 ms, found 0 plugins.
Preloading 0 native plugins for Editor in 0.00 ms.
Mono: successfully reloaded assembly
- Completed reload, in  0.930 seconds
Platform modules already initialized, skipping
Refreshing native plugins compatible for Editor in 0.48 ms, found 0 plugins.
Preloading 0 native plugins for Editor in 0.00 ms.
Unloading 2005 Unused Serialized files (Serialized files now loaded: 0)
System memory in use before: 85.2 MB.
System memory in use after: 85.3 MB.

Unloading 38 unused Assets to reduce memory usage. Loaded Objects now: 2447.
Total: 5.039300 ms (FindLiveObjects: 0.211300 ms CreateObjectMapping: 0.082900 ms MarkObjects: 4.724600 ms  DeleteObjects: 0.019300 ms)

========================================================================
Received Prepare
Registering precompiled user dll's ...
Registered in 0.002230 seconds.
Begin MonoManager ReloadAssembly
Native extension for WindowsStandalone target not found
Native extension for WebGL target not found
Refreshing native plugins compatible for Editor in 0.45 ms, found 0 plugins.
Preloading 0 native plugins for Editor in 0.00 ms.
Mono: successfully reloaded assembly
- Completed reload, in  0.833 seconds
Platform modules already initialized, skipping
Refreshing native plugins compatible for Editor in 0.47 ms, found 0 plugins.
Preloading 0 native plugins for Editor in 0.00 ms.
Unloading 2005 Unused Serialized files (Serialized files now loaded: 0)
System memory in use before: 85.2 MB.
System memory in use after: 85.4 MB.

Unloading 38 unused Assets to reduce memory usage. Loaded Objects now: 2450.
Total: 4.280300 ms (FindLiveObjects: 0.146700 ms CreateObjectMapping: 0.077600 ms MarkObjects: 4.038300 ms  DeleteObjects: 0.016500 ms)

========================================================================
Received Import Request.
  Time since last request: 28.413080 seconds.
  path: Assets/Game/Scripts/Bullet.cs
  artifactKey: Guid(15a86cddcabd0374082845ffc75d79ed) Importer(815301076,1909f56bfc062723c751e8b465ee728b)
Start importing Assets/Game/Scripts/Bullet.cs using Guid(15a86cddcabd0374082845ffc75d79ed) Importer(815301076,1909f56bfc062723c751e8b465ee728b)  -> (artifact id: 'b75713ed4bad093487570ba9bb995221') in 0.003399 seconds 
========================================================================
Received Prepare
Registering precompiled user dll's ...
Registered in 0.002069 seconds.
Begin MonoManager ReloadAssembly
Native extension for WindowsStandalone target not found
Native extension for WebGL target not found
Refreshing native plugins compatible for Editor in 0.46 ms, found 0 plugins.
Preloading 0 native plugins for Editor in 0.00 ms.
Mono: successfully reloaded assembly
- Completed reload, in  0.843 seconds
Platform modules already initialized, skipping
Refreshing native plugins compatible for Editor in 0.47 ms, found 0 plugins.
Preloading 0 native plugins for Editor in 0.00 ms.
Unloading 2005 Unused Serialized files (Serialized files now loaded: 0)
System memory in use before: 85.3 MB.
System memory in use after: 85.4 MB.

Unloading 38 unused Assets to reduce memory usage. Loaded Objects now: 2453.
Total: 4.424800 ms (FindLiveObjects: 0.145200 ms CreateObjectMapping: 0.072600 ms MarkObjects: 4.184100 ms  DeleteObjects: 0.022000 ms)

========================================================================
Received Import Request.
  Time since last request: 57.770776 seconds.
  path: Assets/Game/Scripts/BulletCatcher.cs
  artifactKey: Guid(b1e32b112b840014195b07c7dc3fa3bd) Importer(815301076,1909f56bfc062723c751e8b465ee728b)
Start importing Assets/Game/Scripts/BulletCatcher.cs using Guid(b1e32b112b840014195b07c7dc3fa3bd) Importer(815301076,1909f56bfc062723c751e8b465ee728b)  -> (artifact id: 'ed7d8dc534617d76f9ddd33ef619d703') in 0.003969 seconds 
========================================================================
Received Prepare
Registering precompiled user dll's ...
Registered in 0.002284 seconds.
Begin MonoManager ReloadAssembly
Native extension for WindowsStandalone target not found
Native extension for WebGL target not found
Refreshing native plugins compatible for Editor in 0.56 ms, found 0 plugins.
Preloading 0 native plugins for Editor in 0.00 ms.
Mono: successfully reloaded assembly
- Completed reload, in  0.926 seconds
Platform modules already initialized, skipping
Refreshing native plugins compatible for Editor in 0.46 ms, found 0 plugins.
Preloading 0 native plugins for Editor in 0.00 ms.
Unloading 2006 Unused Serialized files (Serialized files now loaded: 0)
System memory in use before: 85.3 MB.
System memory in use after: 85.4 MB.

Unloading 38 unused Assets to reduce memory usage. Loaded Objects now: 2457.
Total: 4.232400 ms (FindLiveObjects: 0.134200 ms CreateObjectMapping: 0.073900 ms MarkObjects: 4.005800 ms  DeleteObjects: 0.017200 ms)

========================================================================
Received Prepare
Registering precompiled user dll's ...
Registered in 0.002199 seconds.
Begin MonoManager ReloadAssembly
Native extension for WindowsStandalone target not found
Native extension for WebGL target not found
Refreshing native plugins compatible for Editor in 0.44 ms, found 0 plugins.
Preloading 0 native plugins for Editor in 0.00 ms.
Mono: successfully reloaded assembly
- Completed reload, in  0.849 seconds
Platform modules already initialized, skipping
Refreshing native plugins compatible for Editor in 0.46 ms, found 0 plugins.
Preloading 0 native plugins for Editor in 0.00 ms.
Unloading 2006 Unused Serialized files (Serialized files now loaded: 0)
System memory in use before: 85.3 MB.
System memory in use after: 85.4 MB.

Unloading 38 unused Assets to reduce memory usage. Loaded Objects now: 2460.
Total: 4.242600 ms (FindLiveObjects: 0.139400 ms CreateObjectMapping: 0.076100 ms MarkObjects: 4.008000 ms  DeleteObjects: 0.018200 ms)

========================================================================
Received Import Request.
  Time since last request: 131.502194 seconds.
  path: Assets/Game/Scripts/BulletCatcher.cs
  artifactKey: Guid(b1e32b112b840014195b07c7dc3fa3bd) Importer(815301076,1909f56bfc062723c751e8b465ee728b)
Start importing Assets/Game/Scripts/BulletCatcher.cs using Guid(b1e32b112b840014195b07c7dc3fa3bd) Importer(815301076,1909f56bfc062723c751e8b465ee728b)  -> (artifact id: 'fc9218ca151126559cf5bcb55d34c0e7') in 0.003151 seconds 
========================================================================
Received Import Request.
  Time since last request: 5.470060 seconds.
  path: Assets/Game/Scripts/Trainer.cs
  artifactKey: Guid(89fa1b0a7b691414280f88b7ee6b6bd4) Importer(815301076,1909f56bfc062723c751e8b465ee728b)
Start importing Assets/Game/Scripts/Trainer.cs using Guid(89fa1b0a7b691414280f88b7ee6b6bd4) Importer(815301076,1909f56bfc062723c751e8b465ee728b)  -> (artifact id: '3c415b41843c9b8d3d105c78c260bf0f') in 0.001279 seconds 
========================================================================
Received Prepare
Registering precompiled user dll's ...
Registered in 0.002375 seconds.
Begin MonoManager ReloadAssembly
Native extension for WindowsStandalone target not found
Native extension for WebGL target not found
Refreshing native plugins compatible for Editor in 0.49 ms, found 0 plugins.
Preloading 0 native plugins for Editor in 0.00 ms.
Mono: successfully reloaded assembly
- Completed reload, in  0.837 seconds
Platform modules already initialized, skipping
Refreshing native plugins compatible for Editor in 0.46 ms, found 0 plugins.
Preloading 0 native plugins for Editor in 0.00 ms.
Unloading 2007 Unused Serialized files (Serialized files now loaded: 0)
System memory in use before: 85.4 MB.
System memory in use after: 85.5 MB.

Unloading 38 unused Assets to reduce memory usage. Loaded Objects now: 2464.
Total: 4.490300 ms (FindLiveObjects: 0.132000 ms CreateObjectMapping: 0.071000 ms MarkObjects: 4.265200 ms  DeleteObjects: 0.021200 ms)

========================================================================
Received Prepare
Registering precompiled user dll's ...
Registered in 0.002245 seconds.
Begin MonoManager ReloadAssembly
Native extension for WindowsStandalone target not found
Native extension for WebGL target not found
Refreshing native plugins compatible for Editor in 0.51 ms, found 0 plugins.
Preloading 0 native plugins for Editor in 0.00 ms.
Mono: successfully reloaded assembly
- Completed reload, in  0.852 seconds
Platform modules already initialized, skipping
Refreshing native plugins compatible for Editor in 0.45 ms, found 0 plugins.
Preloading 0 native plugins for Editor in 0.00 ms.
Unloading 2007 Unused Serialized files (Serialized files now loaded: 0)
System memory in use before: 85.4 MB.
System memory in use after: 85.5 MB.

Unloading 38 unused Assets to reduce memory usage. Loaded Objects now: 2467.
Total: 4.250600 ms (FindLiveObjects: 0.142400 ms CreateObjectMapping: 0.074100 ms MarkObjects: 4.015800 ms  DeleteObjects: 0.017400 ms)

========================================================================
Received Import Request.
  Time since last request: 47.042013 seconds.
  path: Assets/Game/Scripts/Trainer.cs
  artifactKey: Guid(89fa1b0a7b691414280f88b7ee6b6bd4) Importer(815301076,1909f56bfc062723c751e8b465ee728b)
Start importing Assets/Game/Scripts/Trainer.cs using Guid(89fa1b0a7b691414280f88b7ee6b6bd4) Importer(815301076,1909f56bfc062723c751e8b465ee728b)  -> (artifact id: '7607ad625402673e6a6b67a6d560fb40') in 0.003091 seconds 
========================================================================
Received Prepare
Registering precompiled user dll's ...
Registered in 0.002323 seconds.
Begin MonoManager ReloadAssembly
Native extension for WindowsStandalone target not found
Native extension for WebGL target not found
Refreshing native plugins compatible for Editor in 0.60 ms, found 0 plugins.
Preloading 0 native plugins for Editor in 0.00 ms.
Mono: successfully reloaded assembly
- Completed reload, in  0.851 seconds
Platform modules already initialized, skipping
Refreshing native plugins compatible for Editor in 0.46 ms, found 0 plugins.
Preloading 0 native plugins for Editor in 0.00 ms.
Unloading 2007 Unused Serialized files (Serialized files now loaded: 0)
System memory in use before: 85.4 MB.
System memory in use after: 85.5 MB.

Unloading 38 unused Assets to reduce memory usage. Loaded Objects now: 2470.
Total: 4.971700 ms (FindLiveObjects: 0.134200 ms CreateObjectMapping: 0.071000 ms MarkObjects: 4.742500 ms  DeleteObjects: 0.023200 ms)

========================================================================
Received Import Request.
  Time since last request: 37.106555 seconds.
  path: Assets/Game/Scripts/Trainer.cs
  artifactKey: Guid(89fa1b0a7b691414280f88b7ee6b6bd4) Importer(815301076,1909f56bfc062723c751e8b465ee728b)
Start importing Assets/Game/Scripts/Trainer.cs using Guid(89fa1b0a7b691414280f88b7ee6b6bd4) Importer(815301076,1909f56bfc062723c751e8b465ee728b)  -> (artifact id: 'd2e587034d5e4d9246e22f181f525cbf') in 0.003303 seconds 
========================================================================
Received Prepare
Registering precompiled user dll's ...
Registered in 0.002349 seconds.
Begin MonoManager ReloadAssembly
Native extension for WindowsStandalone target not found
Native extension for WebGL target not found
Refreshing native plugins compatible for Editor in 0.45 ms, found 0 plugins.
Preloading 0 native plugins for Editor in 0.00 ms.
Mono: successfully reloaded assembly
- Completed reload, in  0.831 seconds
Platform modules already initialized, skipping
Refreshing native plugins compatible for Editor in 0.46 ms, found 0 plugins.
Preloading 0 native plugins for Editor in 0.00 ms.
Unloading 2007 Unused Serialized files (Serialized files now loaded: 0)
System memory in use before: 85.4 MB.
System memory in use after: 85.5 MB.

Unloading 38 unused Assets to reduce memory usage. Loaded Objects now: 2473.
Total: 4.403700 ms (FindLiveObjects: 0.149300 ms CreateObjectMapping: 0.078300 ms MarkObjects: 4.156500 ms  DeleteObjects: 0.018600 ms)

========================================================================
Received Prepare
Registering precompiled user dll's ...
Registered in 0.002120 seconds.
Begin MonoManager ReloadAssembly
Native extension for WindowsStandalone target not found
Native extension for WebGL target not found
Refreshing native plugins compatible for Editor in 1.72 ms, found 0 plugins.
Preloading 0 native plugins for Editor in 0.00 ms.
Mono: successfully reloaded assembly
- Completed reload, in  0.836 seconds
Platform modules already initialized, skipping
Refreshing native plugins compatible for Editor in 0.52 ms, found 0 plugins.
Preloading 0 native plugins for Editor in 0.00 ms.
Unloading 2007 Unused Serialized files (Serialized files now loaded: 0)
System memory in use before: 85.4 MB.
System memory in use after: 85.5 MB.

Unloading 38 unused Assets to reduce memory usage. Loaded Objects now: 2476.
Total: 4.799600 ms (FindLiveObjects: 0.150300 ms CreateObjectMapping: 0.071900 ms MarkObjects: 4.554600 ms  DeleteObjects: 0.021800 ms)

